2013-09-18 08:38:35,047 [DEBUG] 	/cms/sw/CRAB_2_8_5/python/crab.py -USER.user_remote_dir=53X/DataPatTrilepton-W07-03-00-DoubleMu-Run2012A-13Jul2012-v1 -create -USER.ui_working_dir=DataPatTrilepton-W07-03-00-DoubleMu-Run2012A-13Jul2012-v1 -CMSSW.datasetpath=/DoubleMu/Run2012A-13Jul2012-v1/AOD -submit -CRAB.scheduler=remoteGlidein -CMSSW.lumi_mask=/afs/cern.ch/cms/CAF/CMSCOMM/COMM_DQM/certification/Collisions12/8TeV/Reprocessing/Cert_190456-196531_8TeV_13Jul2012ReReco_Collisions12_JSON.txt -CMSSW.lumis_per_job=500 -cfg=crab.cfg -CMSSW.pset=patTuple_trilep_Mu.py

2013-09-18 08:38:35,047 [INFO] 	Version 2.8.5 running on Wed Sep 18 08:38:35 2013 CST (13:38:35 UTC)

crab. Working options:
	scheduler           remoteGlidein
	job type            CMSSW
	server              OFF
	working directory   /afs/hep.wisc.edu/user/ltikvica/private/test/CMSSW_5_3_7_patch4/src/UserAnalysis/WZSkimProduction/skimming_crab/DataPatTrilepton-W07-03-00-DoubleMu-Run2012A-13Jul2012-v1/

2013-09-18 08:38:35,048 [DEBUG] 	Downloading file [http://cmsdoc.cern.ch/cms/LCG/crab/config/] to [/afs/hep.wisc.edu/home/ltikvica/.cms_crab/allowed_releases.conf].
2013-09-18 08:38:35,049 [DEBUG] 	Service initialised ({'endpoint': 'http://cmsdoc.cern.ch/cms/LCG/crab/config/', 'maxcachereuse': 24.0, 'cachepath': '/afs/hep.wisc.edu/home/ltikvica/.cms_crab', 'basepath': '/cms/LCG/crab/config/', 'method': None, 'timeout': 20, 'requests': {'endpoint': 'http://cmsdoc.cern.ch/cms/LCG/crab/config/', 'timeout': 20, 'cachepath': '/afs/hep.wisc.edu/home/ltikvica/.cms_crab', 'cacheduration': 0.5, 'host': 'cmsdoc.cern.ch', 'accept_type': 'text/html', 'content_type': 'application/x-www-form-urlencoded', 'logger': <logging.Logger instance at 0x4e7b200>, 'type': 'txt/csv', 'conn': <httplib.HTTPConnection instance at 0x4e7b440>}, 'logger': <logging.Logger instance at 0x4e7b200>, 'cacheduration': 0.5, 'type': 'txt/csv', 'inputdata': {}}):
	 host: cmsdoc.cern.ch, basepath: /cms/LCG/crab/config/ (text/html)
	 cache: /afs/hep.wisc.edu/home/ltikvica/.cms_crab (duration 0.5 hours, max reuse 24.0 hours)
2013-09-18 08:38:35,050 [DEBUG] 	/afs/hep.wisc.edu/home/ltikvica/.cms_crab/0_GET_allowed_releases.conf expired, refreshing cache
2013-09-18 08:38:35,050 [DEBUG] 	getData: 
	url: /cms/LCG/crab/config/allowed_releases.conf
	data: {}
2013-09-18 08:38:36,428 [DEBUG] 	Service initialised ({'endpoint': 'https://cmsweb.cern.ch/sitedb/json/index/', 'maxcachereuse': 24.0, 'cachepath': '/afs/hep.wisc.edu/home/ltikvica/.cms_sitedbcache', 'basepath': '/sitedb/json/index/', 'method': None, 'timeout': 30, 'requests': {'host': 'cmsweb.cern.ch', 'endpoint': 'https://cmsweb.cern.ch/sitedb/json/index/', 'accept_type': 'text/html', 'content_type': 'application/x-www-form-urlencoded', 'logger': <logging.Logger instance at 0x4e7b200>, 'cachepath': '/afs/hep.wisc.edu/home/ltikvica/.cms_sitedbcache', 'conn': <httplib.HTTPSConnection instance at 0x4faed88>}, 'logger': <logging.Logger instance at 0x4e7b200>, 'cacheduration': 0.5, 'inputdata': {}}):
	 host: cmsweb.cern.ch, basepath: /sitedb/json/index/ (text/html)
	 cache: /afs/hep.wisc.edu/home/ltikvica/.cms_sitedbcache (duration 0.5 hours, max reuse 24.0 hours)
2013-09-18 08:38:36,429 [DEBUG] 	Service initialised ({'endpoint': 'https://cmsweb.cern.ch/sitedb/json/index/', 'maxcachereuse': 24.0, 'cachepath': '/afs/hep.wisc.edu/home/ltikvica/.cms_sitedbcache', 'basepath': '/sitedb/json/index/', 'method': None, 'timeout': 30, 'requests': {'host': 'cmsweb.cern.ch', 'endpoint': 'https://cmsweb.cern.ch/sitedb/json/index/', 'accept_type': 'text/html', 'content_type': 'application/x-www-form-urlencoded', 'logger': <logging.Logger instance at 0x4e7b200>, 'cachepath': '/afs/hep.wisc.edu/home/ltikvica/.cms_sitedbcache', 'conn': <httplib.HTTPSConnection instance at 0x4faedd0>}, 'logger': <logging.Logger instance at 0x4e7b200>, 'cacheduration': 0.5, 'inputdata': {}}):
	 host: cmsweb.cern.ch, basepath: /sitedb/json/index/ (text/html)
	 cache: /afs/hep.wisc.edu/home/ltikvica/.cms_sitedbcache (duration 0.5 hours, max reuse 24.0 hours)
2013-09-18 08:38:36,429 [DEBUG] 	Input whitelist: 
2013-09-18 08:38:36,429 [DEBUG] 	Input blacklist: 
2013-09-18 08:38:36,429 [DEBUG] 	Converted whitelist: 
2013-09-18 08:38:36,429 [DEBUG] 	Converted blacklist: 
2013-09-18 08:38:36,430 [DEBUG] 	Downloading file [http://cmsdoc.cern.ch/cms/LCG/crab/config/] to [/afs/hep.wisc.edu/home/ltikvica/.cms_crab/myproxy_server.conf].
2013-09-18 08:38:36,430 [DEBUG] 	Service initialised ({'endpoint': 'http://cmsdoc.cern.ch/cms/LCG/crab/config/', 'maxcachereuse': 24.0, 'cachepath': '/afs/hep.wisc.edu/home/ltikvica/.cms_crab', 'basepath': '/cms/LCG/crab/config/', 'method': None, 'timeout': 20, 'requests': {'endpoint': 'http://cmsdoc.cern.ch/cms/LCG/crab/config/', 'timeout': 20, 'cachepath': '/afs/hep.wisc.edu/home/ltikvica/.cms_crab', 'cacheduration': 0.5, 'host': 'cmsdoc.cern.ch', 'accept_type': 'text/html', 'content_type': 'application/x-www-form-urlencoded', 'logger': <logging.Logger instance at 0x4e7b200>, 'type': 'txt/csv', 'conn': <httplib.HTTPConnection instance at 0x4faeef0>}, 'logger': <logging.Logger instance at 0x4e7b200>, 'cacheduration': 0.5, 'type': 'txt/csv', 'inputdata': {}}):
	 host: cmsdoc.cern.ch, basepath: /cms/LCG/crab/config/ (text/html)
	 cache: /afs/hep.wisc.edu/home/ltikvica/.cms_crab (duration 0.5 hours, max reuse 24.0 hours)
2013-09-18 08:38:36,431 [DEBUG] 	/afs/hep.wisc.edu/home/ltikvica/.cms_crab/0_GET_myproxy_server.conf expired, refreshing cache
2013-09-18 08:38:36,431 [DEBUG] 	getData: 
	url: /cms/LCG/crab/config/myproxy_server.conf
	data: {}
2013-09-18 08:38:36,720 [DEBUG] 	Downloading file [http://cmsdoc.cern.ch/cms/LCG/crab/config/] to [/afs/hep.wisc.edu/home/ltikvica/.cms_crab/site_black_list.conf].
2013-09-18 08:38:36,720 [DEBUG] 	Service initialised ({'endpoint': 'http://cmsdoc.cern.ch/cms/LCG/crab/config/', 'maxcachereuse': 24.0, 'cachepath': '/afs/hep.wisc.edu/home/ltikvica/.cms_crab', 'basepath': '/cms/LCG/crab/config/', 'method': None, 'timeout': 20, 'requests': {'endpoint': 'http://cmsdoc.cern.ch/cms/LCG/crab/config/', 'timeout': 20, 'cachepath': '/afs/hep.wisc.edu/home/ltikvica/.cms_crab', 'cacheduration': 0.5, 'host': 'cmsdoc.cern.ch', 'accept_type': 'text/html', 'content_type': 'application/x-www-form-urlencoded', 'logger': <logging.Logger instance at 0x4e7b200>, 'type': 'txt/csv', 'conn': <httplib.HTTPConnection instance at 0x4faeef0>}, 'logger': <logging.Logger instance at 0x4e7b200>, 'cacheduration': 0.5, 'type': 'txt/csv', 'inputdata': {}}):
	 host: cmsdoc.cern.ch, basepath: /cms/LCG/crab/config/ (text/html)
	 cache: /afs/hep.wisc.edu/home/ltikvica/.cms_crab (duration 0.5 hours, max reuse 24.0 hours)
2013-09-18 08:38:36,721 [DEBUG] 	/afs/hep.wisc.edu/home/ltikvica/.cms_crab/0_GET_site_black_list.conf expired, refreshing cache
2013-09-18 08:38:36,721 [DEBUG] 	getData: 
	url: /cms/LCG/crab/config/site_black_list.conf
	data: {}
2013-09-18 08:38:37,137 [DEBUG] 	Enforced black list: <Downloader.Downloader instance at 0x4faee60> 
2013-09-18 08:38:41,680 [INFO] 	voms extension lifetime for proxy /tmp/x509up_u4185 is 0 
	CRAB will ask ask you create a new proxy
2013-09-18 08:38:51,246 [INFO] 	Your proxy will expire in:
	0 hours 00 minutes 00 seconds

2013-09-18 08:38:57,175 [DEBUG] 	MyProxy delegation:
myproxy-init -d -n -s myproxy.cern.ch
2013-09-18 08:38:58,639 [DEBUG] 	curl -s  --capath $X509_CERT_DIR --cert $X509_USER_PROXY --key $X509_USER_PROXY "https://cmsweb.cern.ch/sitedb/data/dev/people" | grep "/DC=ch/DC=cern/OU=Organic Units/OU=Users/CN=ltikvica/CN=705445/CN=Lucija Tikvica"
2013-09-18 08:39:02,835 [DEBUG] 	,["ltikvica", "Lucija.Tikvica@cern.ch", "Lucija", "Tikvica", "/DC=ch/DC=cern/OU=Organic Units/OU=Users/CN=ltikvica/CN=705445/CN=Lucija Tikvica", null, null, null]

2013-09-18 08:39:02,835 [DEBUG] 	0
2013-09-18 08:39:02,877 [DEBUG] 	Service initialised ({'endpoint': 'https://cmsweb.cern.ch/sitedb/json/index/', 'maxcachereuse': 24.0, 'cachepath': '/afs/hep.wisc.edu/home/ltikvica/.cms_sitedbcache', 'basepath': '/sitedb/json/index/', 'method': None, 'timeout': 30, 'requests': {'host': 'cmsweb.cern.ch', 'endpoint': 'https://cmsweb.cern.ch/sitedb/json/index/', 'accept_type': 'text/html', 'content_type': 'application/x-www-form-urlencoded', 'logger': <logging.Logger instance at 0x4e7b200>, 'cachepath': '/afs/hep.wisc.edu/home/ltikvica/.cms_sitedbcache', 'conn': <httplib.HTTPSConnection instance at 0x4fb8368>, 'cacheduration': 24}, 'logger': <logging.Logger instance at 0x4e7b200>, 'cacheduration': 24, 'inputdata': {}}):
	 host: cmsweb.cern.ch, basepath: /sitedb/json/index/ (text/html)
	 cache: /afs/hep.wisc.edu/home/ltikvica/.cms_sitedbcache (duration 24 hours, max reuse 24.0 hours)
2013-09-18 08:39:02,878 [DEBUG] 	/afs/hep.wisc.edu/home/ltikvica/.cms_sitedbcache/12800076900115520_GET_dnUserName_6604359039715824367.json expired, refreshing cache
2013-09-18 08:39:02,878 [DEBUG] 	getData: 
	url: /sitedb/json/index/dnUserName
	data: {'dn': '/DC=ch/DC=cern/OU=Organic Units/OU=Users/CN=ltikvica/CN=705445/CN=Lucija Tikvica'}
2013-09-18 08:39:03,788 [DEBUG] 	Linux login05.hep.wisc.edu 2.6.18-348.6.1.el5 #1 SMP Tue May 21 15:44:27 EDT 2013 x86_64 x86_64 x86_64 GNU/Linux
 
Used properties:
Linux login05.hep.wisc.edu 2.6.18-348.6.1.el5 #1 SMP Tue May 21 15:44:27 EDT 2013 x86_64 x86_64 x86_64 GNU/Linux
 
Used properties:
   CMSSW.datasetpath : /DoubleMu/Run2012A-13Jul2012-v1/AOD
   CMSSW.get_edm_output : 1
   CMSSW.lumi_mask : /afs/cern.ch/cms/CAF/CMSCOMM/COMM_DQM/certification/Collisions12/8TeV/Reprocessing/Cert_190456-196531_8TeV_13Jul2012ReReco_Collisions12_JSON.txt
   CMSSW.lumis_per_job : 500
   CMSSW.pset : patTuple_trilep_Mu.py
   CMSSW.total_number_of_lumis : 1
   CRAB.cfg : crab.cfg
   CRAB.create : 
   CRAB.jobtype : cmssw
   CRAB.scheduler : remoteGlidein
   CRAB.submit : 
   CRAB.use_server : 0
   USER.copy_data : 1
   USER.email : lucija.tikvica@cern.ch
   USER.return_data : 0
   USER.storage_element : T2_US_Wisconsin
   USER.ui_working_dir : DataPatTrilepton-W07-03-00-DoubleMu-Run2012A-13Jul2012-v1
   USER.user_remote_dir : 53X/DataPatTrilepton-W07-03-00-DoubleMu-Run2012A-13Jul2012-v1
End of used properties.

2013-09-18 08:39:05,750 [DEBUG] 	CMSSW::__init__
2013-09-18 08:39:05,752 [DEBUG] 	Scram::Scram() version is 2
2013-09-18 08:39:05,752 [DEBUG] 	Scram::Scram() arch is slc5_amd64_gcc462
2013-09-18 08:39:05,752 [DEBUG] 	Downloading file [https://cmstags.cern.ch/tc/] to [/afs/hep.wisc.edu/home/ltikvica/.cms_crab/ReleasesXML].
2013-09-18 08:39:05,753 [DEBUG] 	Service initialised ({'endpoint': 'https://cmstags.cern.ch/tc/', 'maxcachereuse': 24.0, 'cachepath': '/afs/hep.wisc.edu/home/ltikvica/.cms_crab', 'basepath': '/tc/', 'method': None, 'timeout': 20, 'requests': {'endpoint': 'https://cmstags.cern.ch/tc/', 'timeout': 20, 'cachepath': '/afs/hep.wisc.edu/home/ltikvica/.cms_crab', 'cacheduration': 0.5, 'host': 'cmstags.cern.ch', 'accept_type': 'text/html', 'content_type': 'application/x-www-form-urlencoded', 'logger': <logging.Logger instance at 0x4e7b200>, 'type': 'txt/csv', 'conn': <httplib.HTTPSConnection instance at 0x508a1b8>}, 'logger': <logging.Logger instance at 0x4e7b200>, 'cacheduration': 0.5, 'type': 'txt/csv', 'inputdata': {}}):
	 host: cmstags.cern.ch, basepath: /tc/ (text/html)
	 cache: /afs/hep.wisc.edu/home/ltikvica/.cms_crab (duration 0.5 hours, max reuse 24.0 hours)
2013-09-18 08:39:05,754 [DEBUG] 	/afs/hep.wisc.edu/home/ltikvica/.cms_crab/0_GET_ReleasesXML expired, refreshing cache
2013-09-18 08:39:05,754 [DEBUG] 	getData: 
	url: /tc/ReleasesXML
	data: {}
2013-09-18 08:39:07,262 [DEBUG] 	Service initialised ({'endpoint': 'https://cmsweb.cern.ch/sitedb/json/index/', 'maxcachereuse': 24.0, 'cachepath': '/afs/hep.wisc.edu/home/ltikvica/.cms_sitedbcache', 'basepath': '/sitedb/json/index/', 'method': None, 'timeout': 30, 'requests': {'host': 'cmsweb.cern.ch', 'endpoint': 'https://cmsweb.cern.ch/sitedb/json/index/', 'accept_type': 'text/html', 'content_type': 'application/x-www-form-urlencoded', 'logger': <logging.Logger instance at 0x4e7b200>, 'cachepath': '/afs/hep.wisc.edu/home/ltikvica/.cms_sitedbcache', 'conn': <httplib.HTTPSConnection instance at 0x51a37a0>}, 'logger': <logging.Logger instance at 0x4e7b200>, 'cacheduration': 0.5, 'inputdata': {}}):
	 host: cmsweb.cern.ch, basepath: /sitedb/json/index/ (text/html)
	 cache: /afs/hep.wisc.edu/home/ltikvica/.cms_sitedbcache (duration 0.5 hours, max reuse 24.0 hours)
2013-09-18 08:39:07,263 [DEBUG] 	Service initialised ({'endpoint': 'https://cmsweb.cern.ch/sitedb/json/index/', 'maxcachereuse': 24.0, 'cachepath': '/afs/hep.wisc.edu/home/ltikvica/.cms_sitedbcache', 'basepath': '/sitedb/json/index/', 'method': None, 'timeout': 30, 'requests': {'host': 'cmsweb.cern.ch', 'endpoint': 'https://cmsweb.cern.ch/sitedb/json/index/', 'accept_type': 'text/html', 'content_type': 'application/x-www-form-urlencoded', 'logger': <logging.Logger instance at 0x4e7b200>, 'cachepath': '/afs/hep.wisc.edu/home/ltikvica/.cms_sitedbcache', 'conn': <httplib.HTTPSConnection instance at 0x51a3830>}, 'logger': <logging.Logger instance at 0x4e7b200>, 'cacheduration': 0.5, 'inputdata': {}}):
	 host: cmsweb.cern.ch, basepath: /sitedb/json/index/ (text/html)
	 cache: /afs/hep.wisc.edu/home/ltikvica/.cms_sitedbcache (duration 0.5 hours, max reuse 24.0 hours)
2013-09-18 08:39:07,263 [DEBUG] 	Input whitelist: 
2013-09-18 08:39:07,263 [DEBUG] 	Input blacklist: 
2013-09-18 08:39:07,263 [DEBUG] 	Converted whitelist: 
2013-09-18 08:39:07,263 [DEBUG] 	Converted blacklist: 
2013-09-18 08:39:07,877 [INFO] 	Contacting Data Discovery Services ...
2013-09-18 08:39:07,877 [INFO] 	Accessing DBS at: http://cmsdbsprod.cern.ch/cms_dbs_prod_global/servlet/DBSServlet
2013-09-18 08:39:15,999 [DEBUG] 	Set of input parameters used for DBS query: ['retrive_block', 'retrive_run', 'retrive_lumi']
2013-09-18 08:39:34,122 [DEBUG] 	Datatype is data
2013-09-18 08:39:34,225 [DEBUG] 	DLS interface: DLS_TYPE_PHEDEX Server https://cmsweb.cern.ch/phedex/datasvc/xml/prod/
2013-09-18 08:39:35,626 [INFO] 	Requested (A)DS /DoubleMu/Run2012A-13Jul2012-v1/AOD has 5 block(s).
2013-09-18 08:39:35,626 [DEBUG] 	Job splitting method: LumiBased
2013-09-18 08:39:35,627 [DEBUG] 	Service initialised ({'endpoint': 'https://cmsweb.cern.ch/sitedb/json/index/', 'maxcachereuse': 24.0, 'cachepath': '/afs/hep.wisc.edu/home/ltikvica/.cms_sitedbcache', 'basepath': '/sitedb/json/index/', 'method': None, 'timeout': 30, 'requests': {'host': 'cmsweb.cern.ch', 'endpoint': 'https://cmsweb.cern.ch/sitedb/json/index/', 'accept_type': 'text/html', 'content_type': 'application/x-www-form-urlencoded', 'logger': <logging.Logger instance at 0x4e7b200>, 'cachepath': '/afs/hep.wisc.edu/home/ltikvica/.cms_sitedbcache', 'conn': <httplib.HTTPSConnection instance at 0x50ce290>}, 'logger': <logging.Logger instance at 0x4e7b200>, 'cacheduration': 0.5, 'inputdata': {}}):
	 host: cmsweb.cern.ch, basepath: /sitedb/json/index/ (text/html)
	 cache: /afs/hep.wisc.edu/home/ltikvica/.cms_sitedbcache (duration 0.5 hours, max reuse 24.0 hours)
2013-09-18 08:39:35,627 [DEBUG] 	Service initialised ({'endpoint': 'https://cmsweb.cern.ch/sitedb/json/index/', 'maxcachereuse': 24.0, 'cachepath': '/afs/hep.wisc.edu/home/ltikvica/.cms_sitedbcache', 'basepath': '/sitedb/json/index/', 'method': None, 'timeout': 30, 'requests': {'host': 'cmsweb.cern.ch', 'endpoint': 'https://cmsweb.cern.ch/sitedb/json/index/', 'accept_type': 'text/html', 'content_type': 'application/x-www-form-urlencoded', 'logger': <logging.Logger instance at 0x4e7b200>, 'cachepath': '/afs/hep.wisc.edu/home/ltikvica/.cms_sitedbcache', 'conn': <httplib.HTTPSConnection instance at 0x53402d8>}, 'logger': <logging.Logger instance at 0x4e7b200>, 'cacheduration': 0.5, 'inputdata': {}}):
	 host: cmsweb.cern.ch, basepath: /sitedb/json/index/ (text/html)
	 cache: /afs/hep.wisc.edu/home/ltikvica/.cms_sitedbcache (duration 0.5 hours, max reuse 24.0 hours)
2013-09-18 08:39:35,627 [DEBUG] 	Input whitelist: 
2013-09-18 08:39:35,627 [DEBUG] 	Input blacklist: 
2013-09-18 08:39:35,628 [DEBUG] 	Converted whitelist: 
2013-09-18 08:39:35,628 [DEBUG] 	Converted blacklist: 
2013-09-18 08:39:35,628 [DEBUG] 	Splitting by Lumi
2013-09-18 08:39:38,731 [DEBUG] 	Job 1 will run on 1 files and 1 lumis 
2013-09-18 08:39:38,732 [INFO] 	Requested number of lumis reached.
2013-09-18 08:39:38,732 [INFO] 	1 jobs created to run on 1 lumis
2013-09-18 08:39:38,898 [DEBUG] 	PsetManipulator::__init__: PSet file = patTuple_trilep_Mu.py
2013-09-18 08:39:39,040 [DEBUG] 	ERROR: Your config file is not valid python: No module named UserCode.CMGWPrimeGroup.patTuple_trilep_cfg

